Removed Pin From Net: NetName=AGND Pin=C1-1
Removed Pin From Net: NetName=AGND Pin=C2-1
Removed Pin From Net: NetName=AGND Pin=C3-1
Removed Pin From Net: NetName=AGND Pin=C4-1
Removed Pin From Net: NetName=AGND Pin=C5-1
Removed Pin From Net: NetName=AGND Pin=C6-1
Removed Pin From Net: NetName=AGND Pin=C7-1
Removed Pin From Net: NetName=AGND Pin=J2-1
Removed Pin From Net: NetName=AGND Pin=J3-2
Removed Pin From Net: NetName=AGND Pin=K2-5
Removed Pin From Net: NetName=AGND Pin=R3-1
Removed Pin From Net: NetName=AGND Pin=R5-1
Removed Pin From Net: NetName=AGND Pin=RN1-2
Removed Pin From Net: NetName=AGND Pin=RN1-3
Removed Pin From Net: NetName=AGND Pin=U1-4
Removed Pin From Net: NetName=AGND Pin=U2-2
Removed Pin From Net: NetName=AGND Pin=U2-3
Removed Pin From Net: NetName=AGND Pin=U2-6
Removed Pin From Net: NetName=AGND Pin=U2-7
Added Component: Designator=R23(RESC1005X40N)
Add component (AddParameter): Name = "Datasheet Link"; Value = "https://datasheet.datasheetarchive.com/originals/distributors/Datasheets_SAMA/902f9e387b938f871d31120f5fc1d65e.pdf"; VariantName = "[No Variations]"
Add component (AddParameter): Name = "Height"; Value = "0.4mm"; VariantName = "[No Variations]"
Add component (AddParameter): Name = "Manufacturer_Name"; Value = "YAGEO (PHYCOMP)"; VariantName = "[No Variations]"
Add component (AddParameter): Name = "Manufacturer_Part_Number"; Value = "RC0402JR-130RL"; VariantName = "[No Variations]"
Add component (AddParameter): Name = "Mouser2 Part Number"; Value = ""; VariantName = "[No Variations]"
Add component (AddParameter): Name = "Mouser2 Price/Stock"; Value = ""; VariantName = "[No Variations]"
Added Pin To Net: NetName=AGND Pin=R23-1
Change Net Name : Old Net Name=AGND New Net Name=GND
Added Pin To Net: NetName=AGND Pin=C1-1
Added Pin To Net: NetName=AGND Pin=C2-1
Added Pin To Net: NetName=AGND Pin=C3-1
Added Pin To Net: NetName=AGND Pin=C4-1
Added Pin To Net: NetName=AGND Pin=C5-1
Added Pin To Net: NetName=AGND Pin=C6-1
Added Pin To Net: NetName=AGND Pin=C7-1
Added Pin To Net: NetName=AGND Pin=J2-1
Added Pin To Net: NetName=AGND Pin=J3-2
Added Pin To Net: NetName=AGND Pin=K2-5
Added Pin To Net: NetName=AGND Pin=R3-1
Added Pin To Net: NetName=AGND Pin=R5-1
Added Pin To Net: NetName=AGND Pin=R23-2
Added Pin To Net: NetName=AGND Pin=RN1-2
Added Pin To Net: NetName=AGND Pin=RN1-3
Added Pin To Net: NetName=AGND Pin=U1-4
Added Pin To Net: NetName=AGND Pin=U2-2
Added Pin To Net: NetName=AGND Pin=U2-3
Added Pin To Net: NetName=AGND Pin=U2-6
Added Pin To Net: NetName=AGND Pin=U2-7
Added Net: Name=AGND
Added Member To Class: ClassName=U_MCU Member=Component LED2 Blue
Added Member To Class: ClassName=U_PSU Member=Component R23 0R
