Removed Pin From Net: NetName=K3_COIL_P Pin=K1-1
Removed Pin From Net: NetName=NetOUT?_1 Pin=U?-1
Removed Pin From Net: NetName=NetR?_1 Pin=U?-2
Removed Pin From Net: NetName=OP1_OUT Pin=U?-3
Removed Pin From Net: NetName=GND Pin=U?-4
Removed Pin From Net: NetName=WH_VCC Pin=U?-8
Change Component Designator: OldDesignator=R? NewDesignator=R1
Change Component Designator: OldDesignator=R? NewDesignator=R2
Change Component Designator: OldDesignator=R? NewDesignator=R3
Change Component Designator: OldDesignator=R? NewDesignator=R4
Change Component Designator: OldDesignator=R? NewDesignator=R5
Change Component Designator: OldDesignator=R? NewDesignator=R6
Change Component Designator: OldDesignator=R? NewDesignator=R7
Change Component Designator: OldDesignator=U? NewDesignator=U1
Added Pin To Net: NetName=NetOUT?_1 Pin=U1-1
Added Pin To Net: NetName=NetR?_1 Pin=U1-2
Added Pin To Net: NetName=OP1_OUT Pin=U1-3
Change Net Name : Old Net Name=FULL_BR_+ New Net Name=FULL_BR_P
Change Net Name : Old Net Name=FULL_BR_- New Net Name=FULL_BR_N
Change Net Name : Old Net Name=NetR?_1 New Net Name=NetR3_2
Change Net Name : Old Net Name=PART2_BR_+ New Net Name=PART2_BR_P
Change Net Name : Old Net Name=PART2_BR_- New Net Name=PART2_BR_N
Change Net Name : Old Net Name=PART_BR_IN_+ New Net Name=PART_BR_IN_P
Change Net Name : Old Net Name=PART_BR_IN_- New Net Name=PART_BR_IN_N
Add Net: Net with name "IN+" already exists
Added Pin To Net: NetName=K1_COIL_N Pin=K1-8
Added Net: Name=K1_COIL_N
Added Pin To Net: NetName=K1_COIL_P Pin=K1-1
Added Net: Name=K1_COIL_P
Added Pin To Net: NetName=K2_COIL_P Pin=K2-1
Added Net: Name=K2_COIL_P
Added Pin To Net: NetName=K4_COIL_N Pin=K4-8
Added Net: Name=K4_COIL_N
Added Pin To Net: NetName=K4_COIL_P Pin=K4-1
Added Net: Name=K4_COIL_P
Added Member To Class: ClassName=Connectors Member=Component GND? 61300411121
Added Member To Class: ClassName=Connectors Member=Component J? 691214110002
Added Member To Class: ClassName=Amplifier Member=Component R1 1k
Added Member To Class: ClassName=Amplifier Member=Component R2 1k
Added Member To Class: ClassName=Amplifier Member=Component R3 1k
Added Member To Class: ClassName=Amplifier Member=Component R4 150k
Added Member To Class: ClassName=Amplifier Member=Component R6 18k
Added Member To Class: ClassName=Amplifier Member=Component R7 18k
Added Member To Class: ClassName=Connectors Member=Component VCC? 61300411121
